<?xml version="1.0" encoding="UTF-8"?>
<testng-results skipped="0" failed="0" total="1" passed="1">
  <reporter-output>
  </reporter-output>
  <suite name="Default suite" duration-ms="23" started-at="2023-07-30T06:54:29Z" finished-at="2023-07-30T06:54:29Z">
    <groups>
    </groups>
    <test name="Default test" duration-ms="23" started-at="2023-07-30T06:54:29Z" finished-at="2023-07-30T06:54:29Z">
      <class name="rovers.tests.RoverScenarioTest">
        <test-method status="PASS" signature="roverMovement()[pri:0, instance:rovers.tests.RoverScenarioTest@d2cc05a]" name="roverMovement" duration-ms="11" started-at="2023-07-30T12:24:29Z" finished-at="2023-07-30T12:24:29Z">
          <reporter-output>
          </reporter-output>
        </test-method> <!-- roverMovement -->
      </class> <!-- rovers.tests.RoverScenarioTest -->
    </test> <!-- Default test -->
  </suite> <!-- Default suite -->
</testng-results>
